2020-04-13 00:39:56.942  INFO 10960 --- [main] com.shops.shop.ShopApplication           : Starting ShopApplication on TR-PC with PID 10960 (started by Jiangming in E:\兼职\book\book)
2020-04-13 00:39:56.946  INFO 10960 --- [main] com.shops.shop.ShopApplication           : No active profile set, falling back to default profiles: default
2020-04-13 00:39:57.469  INFO 10960 --- [main] .s.d.r.c.RepositoryConfigurationDelegate : Bootstrapping Spring Data repositories in DEFAULT mode.
2020-04-13 00:39:57.489  INFO 10960 --- [main] .s.d.r.c.RepositoryConfigurationDelegate : Finished Spring Data repository scanning in 18ms. Found 0 repository interfaces.
2020-04-13 00:39:57.648  INFO 10960 --- [main] trationDelegate$BeanPostProcessorChecker : Bean 'org.springframework.transaction.annotation.ProxyTransactionManagementConfiguration' of type [org.springframework.transaction.annotation.ProxyTransactionManagementConfiguration$$EnhancerBySpringCGLIB$$f4859149] is not eligible for getting processed by all BeanPostProcessors (for example: not eligible for auto-proxying)
2020-04-13 00:39:57.819  INFO 10960 --- [main] o.s.b.w.embedded.tomcat.TomcatWebServer  : Tomcat initialized with port(s): 8082 (http)
2020-04-13 00:39:57.833  INFO 10960 --- [main] o.apache.catalina.core.StandardService   : Starting service [Tomcat]
2020-04-13 00:39:57.833  INFO 10960 --- [main] org.apache.catalina.core.StandardEngine  : Starting Servlet engine: [Apache Tomcat/9.0.26]
2020-04-13 00:39:57.915  INFO 10960 --- [main] o.a.c.c.C.[Tomcat].[localhost].[/]       : Initializing Spring embedded WebApplicationContext
2020-04-13 00:39:57.915  INFO 10960 --- [main] o.s.web.context.ContextLoader            : Root WebApplicationContext: initialization completed in 938 ms
2020-04-13 00:39:58.194  INFO 10960 --- [main] o.s.s.concurrent.ThreadPoolTaskExecutor  : Initializing ExecutorService 'applicationTaskExecutor'
2020-04-13 00:39:58.410  INFO 10960 --- [main] o.s.b.w.embedded.tomcat.TomcatWebServer  : Tomcat started on port(s): 8082 (http) with context path ''
2020-04-13 00:39:58.412  INFO 10960 --- [main] com.shops.shop.ShopApplication           : Started ShopApplication in 1.703 seconds (JVM running for 2.285)
2020-04-13 00:39:58.414  INFO 10960 --- [main] com.shops.shop.ShopApplication           : ●=>商店App后台服务启动...●
2020-04-13 00:40:21.297  INFO 10960 --- [http-nio-8082-exec-2] o.a.c.c.C.[Tomcat].[localhost].[/]       : Initializing Spring DispatcherServlet 'dispatcherServlet'
2020-04-13 00:40:21.297  INFO 10960 --- [http-nio-8082-exec-2] o.s.web.servlet.DispatcherServlet        : Initializing Servlet 'dispatcherServlet'
2020-04-13 00:40:21.302  INFO 10960 --- [http-nio-8082-exec-2] o.s.web.servlet.DispatcherServlet        : Completed initialization in 4 ms
2020-04-13 00:40:21.332  INFO 10960 --- [http-nio-8082-exec-2] com.zaxxer.hikari.HikariDataSource       : HikariPool-1 - Starting...
2020-04-13 00:40:21.838  INFO 10960 --- [http-nio-8082-exec-2] com.zaxxer.hikari.HikariDataSource       : HikariPool-1 - Start completed.
2020-04-13 00:40:22.008 ERROR 10960 --- [http-nio-8082-exec-2] c.s.s.Controller.StatisticsController    : 操作出现异常.
2020-04-13 00:42:18.297  INFO 21204 --- [main] com.shops.shop.ShopApplication           : Starting ShopApplication on TR-PC with PID 21204 (started by Jiangming in E:\兼职\book\book)
2020-04-13 00:42:18.299  INFO 21204 --- [main] com.shops.shop.ShopApplication           : No active profile set, falling back to default profiles: default
2020-04-13 00:42:18.760  INFO 21204 --- [main] .s.d.r.c.RepositoryConfigurationDelegate : Bootstrapping Spring Data repositories in DEFAULT mode.
2020-04-13 00:42:18.777  INFO 21204 --- [main] .s.d.r.c.RepositoryConfigurationDelegate : Finished Spring Data repository scanning in 14ms. Found 0 repository interfaces.
2020-04-13 00:42:18.947  INFO 21204 --- [main] trationDelegate$BeanPostProcessorChecker : Bean 'org.springframework.transaction.annotation.ProxyTransactionManagementConfiguration' of type [org.springframework.transaction.annotation.ProxyTransactionManagementConfiguration$$EnhancerBySpringCGLIB$$62ceb169] is not eligible for getting processed by all BeanPostProcessors (for example: not eligible for auto-proxying)
2020-04-13 00:42:19.110  INFO 21204 --- [main] o.s.b.w.embedded.tomcat.TomcatWebServer  : Tomcat initialized with port(s): 8082 (http)
2020-04-13 00:42:19.122  INFO 21204 --- [main] o.apache.catalina.core.StandardService   : Starting service [Tomcat]
2020-04-13 00:42:19.123  INFO 21204 --- [main] org.apache.catalina.core.StandardEngine  : Starting Servlet engine: [Apache Tomcat/9.0.26]
2020-04-13 00:42:19.205  INFO 21204 --- [main] o.a.c.c.C.[Tomcat].[localhost].[/]       : Initializing Spring embedded WebApplicationContext
2020-04-13 00:42:19.206  INFO 21204 --- [main] o.s.web.context.ContextLoader            : Root WebApplicationContext: initialization completed in 876 ms
2020-04-13 00:42:19.489  INFO 21204 --- [main] o.s.s.concurrent.ThreadPoolTaskExecutor  : Initializing ExecutorService 'applicationTaskExecutor'
2020-04-13 00:42:19.694  INFO 21204 --- [main] o.s.b.w.embedded.tomcat.TomcatWebServer  : Tomcat started on port(s): 8082 (http) with context path ''
2020-04-13 00:42:19.696  INFO 21204 --- [main] com.shops.shop.ShopApplication           : Started ShopApplication in 1.634 seconds (JVM running for 2.183)
2020-04-13 00:42:19.697  INFO 21204 --- [main] com.shops.shop.ShopApplication           : ●=>商店App后台服务启动...●
2020-04-13 00:42:22.646  INFO 21204 --- [http-nio-8082-exec-1] o.a.c.c.C.[Tomcat].[localhost].[/]       : Initializing Spring DispatcherServlet 'dispatcherServlet'
2020-04-13 00:42:22.647  INFO 21204 --- [http-nio-8082-exec-1] o.s.web.servlet.DispatcherServlet        : Initializing Servlet 'dispatcherServlet'
2020-04-13 00:42:22.651  INFO 21204 --- [http-nio-8082-exec-1] o.s.web.servlet.DispatcherServlet        : Completed initialization in 4 ms
2020-04-13 00:42:22.679  INFO 21204 --- [http-nio-8082-exec-1] com.zaxxer.hikari.HikariDataSource       : HikariPool-1 - Starting...
2020-04-13 00:42:24.153  INFO 21204 --- [http-nio-8082-exec-1] com.zaxxer.hikari.HikariDataSource       : HikariPool-1 - Start completed.
2020-04-13 00:42:24.361  INFO 21204 --- [http-nio-8082-exec-1] c.s.s.Controller.StatisticsController    : 获取成功.
2020-04-13 10:26:23.262  INFO 15052 --- [main] com.shops.shop.ShopApplication           : Starting ShopApplication on TR-PC with PID 15052 (started by Jiangming in E:\兼职\book\book)
2020-04-13 10:26:23.265  INFO 15052 --- [main] com.shops.shop.ShopApplication           : No active profile set, falling back to default profiles: default
2020-04-13 10:26:24.092  INFO 15052 --- [main] .s.d.r.c.RepositoryConfigurationDelegate : Bootstrapping Spring Data repositories in DEFAULT mode.
2020-04-13 10:26:24.111  INFO 15052 --- [main] .s.d.r.c.RepositoryConfigurationDelegate : Finished Spring Data repository scanning in 15ms. Found 0 repository interfaces.
2020-04-13 10:26:24.297  INFO 15052 --- [main] trationDelegate$BeanPostProcessorChecker : Bean 'org.springframework.transaction.annotation.ProxyTransactionManagementConfiguration' of type [org.springframework.transaction.annotation.ProxyTransactionManagementConfiguration$$EnhancerBySpringCGLIB$$4ea527a6] is not eligible for getting processed by all BeanPostProcessors (for example: not eligible for auto-proxying)
2020-04-13 10:26:24.483  INFO 15052 --- [main] o.s.b.w.embedded.tomcat.TomcatWebServer  : Tomcat initialized with port(s): 8082 (http)
2020-04-13 10:26:24.500  INFO 15052 --- [main] o.apache.catalina.core.StandardService   : Starting service [Tomcat]
2020-04-13 10:26:24.500  INFO 15052 --- [main] org.apache.catalina.core.StandardEngine  : Starting Servlet engine: [Apache Tomcat/9.0.26]
2020-04-13 10:26:24.588  INFO 15052 --- [main] o.a.c.c.C.[Tomcat].[localhost].[/]       : Initializing Spring embedded WebApplicationContext
2020-04-13 10:26:24.588  INFO 15052 --- [main] o.s.web.context.ContextLoader            : Root WebApplicationContext: initialization completed in 1287 ms
2020-04-13 10:26:24.903  INFO 15052 --- [main] o.s.s.concurrent.ThreadPoolTaskExecutor  : Initializing ExecutorService 'applicationTaskExecutor'
2020-04-13 10:26:25.132  INFO 15052 --- [main] o.s.b.w.embedded.tomcat.TomcatWebServer  : Tomcat started on port(s): 8082 (http) with context path ''
2020-04-13 10:26:25.134  INFO 15052 --- [main] com.shops.shop.ShopApplication           : Started ShopApplication in 2.209 seconds (JVM running for 2.974)
2020-04-13 10:26:25.135  INFO 15052 --- [main] com.shops.shop.ShopApplication           : ●=>商店App后台服务启动...●
2020-04-13 10:27:02.243  INFO 15052 --- [http-nio-8082-exec-2] o.a.c.c.C.[Tomcat].[localhost].[/]       : Initializing Spring DispatcherServlet 'dispatcherServlet'
2020-04-13 10:27:02.243  INFO 15052 --- [http-nio-8082-exec-2] o.s.web.servlet.DispatcherServlet        : Initializing Servlet 'dispatcherServlet'
2020-04-13 10:27:02.248  INFO 15052 --- [http-nio-8082-exec-2] o.s.web.servlet.DispatcherServlet        : Completed initialization in 5 ms
2020-04-13 10:27:02.282  INFO 15052 --- [http-nio-8082-exec-2] com.zaxxer.hikari.HikariDataSource       : HikariPool-1 - Starting...
2020-04-13 10:27:03.127  INFO 15052 --- [http-nio-8082-exec-2] com.zaxxer.hikari.HikariDataSource       : HikariPool-1 - Start completed.
2020-04-13 10:27:03.224  INFO 15052 --- [http-nio-8082-exec-2] c.shops.shop.Controller.CartController   : 修改成功.
2020-04-13 10:40:24.184  WARN 15052 --- [http-nio-8082-exec-5] com.zaxxer.hikari.pool.PoolBase          : HikariPool-1 - Failed to validate connection com.mysql.cj.jdbc.ConnectionImpl@763e868d (No operations allowed after connection closed.). Possibly consider using a shorter maxLifetime value.
2020-04-13 10:40:29.185  WARN 15052 --- [http-nio-8082-exec-5] com.zaxxer.hikari.pool.PoolBase          : HikariPool-1 - Failed to validate connection com.mysql.cj.jdbc.ConnectionImpl@4a930221 (No operations allowed after connection closed.). Possibly consider using a shorter maxLifetime value.
2020-04-13 10:40:34.188  WARN 15052 --- [http-nio-8082-exec-5] com.zaxxer.hikari.pool.PoolBase          : HikariPool-1 - Failed to validate connection com.mysql.cj.jdbc.ConnectionImpl@6c1c1517 (No operations allowed after connection closed.). Possibly consider using a shorter maxLifetime value.
2020-04-13 10:40:39.189  WARN 15052 --- [http-nio-8082-exec-5] com.zaxxer.hikari.pool.PoolBase          : HikariPool-1 - Failed to validate connection com.mysql.cj.jdbc.ConnectionImpl@3059ae78 (No operations allowed after connection closed.). Possibly consider using a shorter maxLifetime value.
2020-04-13 10:40:44.192  WARN 15052 --- [http-nio-8082-exec-5] com.zaxxer.hikari.pool.PoolBase          : HikariPool-1 - Failed to validate connection com.mysql.cj.jdbc.ConnectionImpl@272d340c (No operations allowed after connection closed.). Possibly consider using a shorter maxLifetime value.
2020-04-13 10:40:48.596  WARN 15052 --- [http-nio-8082-exec-7] com.zaxxer.hikari.pool.PoolBase          : HikariPool-1 - Failed to validate connection com.mysql.cj.jdbc.ConnectionImpl@134bbac0 (No operations allowed after connection closed.). Possibly consider using a shorter maxLifetime value.
2020-04-13 10:40:49.193  WARN 15052 --- [http-nio-8082-exec-5] com.zaxxer.hikari.pool.PoolBase          : HikariPool-1 - Failed to validate connection com.mysql.cj.jdbc.ConnectionImpl@e7cf89 (No operations allowed after connection closed.). Possibly consider using a shorter maxLifetime value.
2020-04-13 10:40:49.214 ERROR 15052 --- [http-nio-8082-exec-5] c.shops.shop.Controller.CartController   : 操作出现异常.
2020-04-13 10:40:53.598  WARN 15052 --- [http-nio-8082-exec-7] com.zaxxer.hikari.pool.PoolBase          : HikariPool-1 - Failed to validate connection com.mysql.cj.jdbc.ConnectionImpl@17743c71 (No operations allowed after connection closed.). Possibly consider using a shorter maxLifetime value.
2020-04-13 10:40:58.600  WARN 15052 --- [http-nio-8082-exec-7] com.zaxxer.hikari.pool.PoolBase          : HikariPool-1 - Failed to validate connection com.mysql.cj.jdbc.ConnectionImpl@5276b0fb (No operations allowed after connection closed.). Possibly consider using a shorter maxLifetime value.
2020-04-13 10:41:03.603  WARN 15052 --- [http-nio-8082-exec-7] com.zaxxer.hikari.pool.PoolBase          : HikariPool-1 - Failed to validate connection com.mysql.cj.jdbc.ConnectionImpl@636ee326 (No operations allowed after connection closed.). Possibly consider using a shorter maxLifetime value.
2020-04-13 10:41:05.363  INFO 22148 --- [main] com.shops.shop.ShopApplication           : Starting ShopApplication on TR-PC with PID 22148 (started by Jiangming in E:\兼职\book\book)
2020-04-13 10:41:05.365  INFO 22148 --- [main] com.shops.shop.ShopApplication           : No active profile set, falling back to default profiles: default
2020-04-13 10:41:05.879  INFO 22148 --- [main] .s.d.r.c.RepositoryConfigurationDelegate : Bootstrapping Spring Data repositories in DEFAULT mode.
2020-04-13 10:41:05.895  INFO 22148 --- [main] .s.d.r.c.RepositoryConfigurationDelegate : Finished Spring Data repository scanning in 14ms. Found 0 repository interfaces.
2020-04-13 10:41:06.056  INFO 22148 --- [main] trationDelegate$BeanPostProcessorChecker : Bean 'org.springframework.transaction.annotation.ProxyTransactionManagementConfiguration' of type [org.springframework.transaction.annotation.ProxyTransactionManagementConfiguration$$EnhancerBySpringCGLIB$$e14f60c8] is not eligible for getting processed by all BeanPostProcessors (for example: not eligible for auto-proxying)
2020-04-13 10:41:06.221  INFO 22148 --- [main] o.s.b.w.embedded.tomcat.TomcatWebServer  : Tomcat initialized with port(s): 8082 (http)
2020-04-13 10:41:06.236  INFO 22148 --- [main] o.apache.catalina.core.StandardService   : Starting service [Tomcat]
2020-04-13 10:41:06.236  INFO 22148 --- [main] org.apache.catalina.core.StandardEngine  : Starting Servlet engine: [Apache Tomcat/9.0.26]
2020-04-13 10:41:06.321  INFO 22148 --- [main] o.a.c.c.C.[Tomcat].[localhost].[/]       : Initializing Spring embedded WebApplicationContext
2020-04-13 10:41:06.321  INFO 22148 --- [main] o.s.web.context.ContextLoader            : Root WebApplicationContext: initialization completed in 926 ms
2020-04-13 10:41:06.609  INFO 22148 --- [main] o.s.s.concurrent.ThreadPoolTaskExecutor  : Initializing ExecutorService 'applicationTaskExecutor'
2020-04-13 10:41:06.821  INFO 22148 --- [main] o.s.b.w.embedded.tomcat.TomcatWebServer  : Tomcat started on port(s): 8082 (http) with context path ''
2020-04-13 10:41:06.822  INFO 22148 --- [main] com.shops.shop.ShopApplication           : Started ShopApplication in 1.698 seconds (JVM running for 2.468)
2020-04-13 10:41:06.824  INFO 22148 --- [main] com.shops.shop.ShopApplication           : ●=>商店App后台服务启动...●
2020-04-13 10:41:09.062  INFO 22148 --- [http-nio-8082-exec-3] o.a.c.c.C.[Tomcat].[localhost].[/]       : Initializing Spring DispatcherServlet 'dispatcherServlet'
2020-04-13 10:41:09.063  INFO 22148 --- [http-nio-8082-exec-3] o.s.web.servlet.DispatcherServlet        : Initializing Servlet 'dispatcherServlet'
2020-04-13 10:41:09.068  INFO 22148 --- [http-nio-8082-exec-3] o.s.web.servlet.DispatcherServlet        : Completed initialization in 5 ms
2020-04-13 10:41:09.101  INFO 22148 --- [http-nio-8082-exec-3] com.zaxxer.hikari.HikariDataSource       : HikariPool-1 - Starting...
2020-04-13 10:41:09.920  INFO 22148 --- [http-nio-8082-exec-3] com.zaxxer.hikari.HikariDataSource       : HikariPool-1 - Start completed.
2020-04-13 10:41:10.354  INFO 22148 --- [http-nio-8082-exec-3] c.shops.shop.Controller.CartController   : 获取成功.
2020-04-13 10:43:17.706  INFO 22148 --- [http-nio-8082-exec-8] c.shops.shop.Controller.CartController   : 获取成功.
2020-04-13 10:49:57.235  INFO 17804 --- [main] com.shops.shop.ShopApplication           : Starting ShopApplication on TR-PC with PID 17804 (started by Jiangming in E:\兼职\book\book)
2020-04-13 10:49:57.237  INFO 17804 --- [main] com.shops.shop.ShopApplication           : No active profile set, falling back to default profiles: default
2020-04-13 10:49:57.712  INFO 17804 --- [main] .s.d.r.c.RepositoryConfigurationDelegate : Bootstrapping Spring Data repositories in DEFAULT mode.
2020-04-13 10:49:57.732  INFO 17804 --- [main] .s.d.r.c.RepositoryConfigurationDelegate : Finished Spring Data repository scanning in 15ms. Found 0 repository interfaces.
2020-04-13 10:49:57.894  INFO 17804 --- [main] trationDelegate$BeanPostProcessorChecker : Bean 'org.springframework.transaction.annotation.ProxyTransactionManagementConfiguration' of type [org.springframework.transaction.annotation.ProxyTransactionManagementConfiguration$$EnhancerBySpringCGLIB$$13110bc6] is not eligible for getting processed by all BeanPostProcessors (for example: not eligible for auto-proxying)
2020-04-13 10:49:58.053  INFO 17804 --- [main] o.s.b.w.embedded.tomcat.TomcatWebServer  : Tomcat initialized with port(s): 8082 (http)
2020-04-13 10:49:58.068  INFO 17804 --- [main] o.apache.catalina.core.StandardService   : Starting service [Tomcat]
2020-04-13 10:49:58.068  INFO 17804 --- [main] org.apache.catalina.core.StandardEngine  : Starting Servlet engine: [Apache Tomcat/9.0.26]
2020-04-13 10:49:58.154  INFO 17804 --- [main] o.a.c.c.C.[Tomcat].[localhost].[/]       : Initializing Spring embedded WebApplicationContext
2020-04-13 10:49:58.154  INFO 17804 --- [main] o.s.web.context.ContextLoader            : Root WebApplicationContext: initialization completed in 891 ms
2020-04-13 10:49:58.459  INFO 17804 --- [main] o.s.s.concurrent.ThreadPoolTaskExecutor  : Initializing ExecutorService 'applicationTaskExecutor'
2020-04-13 10:49:58.698  INFO 17804 --- [main] o.s.b.w.embedded.tomcat.TomcatWebServer  : Tomcat started on port(s): 8082 (http) with context path ''
2020-04-13 10:49:58.700  INFO 17804 --- [main] com.shops.shop.ShopApplication           : Started ShopApplication in 1.699 seconds (JVM running for 2.274)
2020-04-13 10:49:58.701  INFO 17804 --- [main] com.shops.shop.ShopApplication           : ●=>商店App后台服务启动...●
2020-04-13 10:50:09.983  INFO 17804 --- [http-nio-8082-exec-2] o.a.c.c.C.[Tomcat].[localhost].[/]       : Initializing Spring DispatcherServlet 'dispatcherServlet'
2020-04-13 10:50:09.984  INFO 17804 --- [http-nio-8082-exec-2] o.s.web.servlet.DispatcherServlet        : Initializing Servlet 'dispatcherServlet'
2020-04-13 10:50:09.988  INFO 17804 --- [http-nio-8082-exec-2] o.s.web.servlet.DispatcherServlet        : Completed initialization in 4 ms
2020-04-13 10:50:10.018  INFO 17804 --- [http-nio-8082-exec-2] com.zaxxer.hikari.HikariDataSource       : HikariPool-1 - Starting...
2020-04-13 10:50:10.533  INFO 17804 --- [http-nio-8082-exec-2] com.zaxxer.hikari.HikariDataSource       : HikariPool-1 - Start completed.
2020-04-13 10:50:10.629  INFO 17804 --- [http-nio-8082-exec-2] c.shops.shop.Controller.CartController   : 修改成功.
2020-04-13 10:50:17.149  INFO 17804 --- [http-nio-8082-exec-3] c.shops.shop.Controller.CartController   : 修改成功.
2020-04-13 11:26:43.297  INFO 20712 --- [main] com.shops.shop.ShopApplication           : Starting ShopApplication on TR-PC with PID 20712 (started by Jiangming in E:\兼职\book\book)
2020-04-13 11:26:43.299  INFO 20712 --- [main] com.shops.shop.ShopApplication           : No active profile set, falling back to default profiles: default
2020-04-13 11:26:43.770  INFO 20712 --- [main] .s.d.r.c.RepositoryConfigurationDelegate : Bootstrapping Spring Data repositories in DEFAULT mode.
2020-04-13 11:26:43.789  INFO 20712 --- [main] .s.d.r.c.RepositoryConfigurationDelegate : Finished Spring Data repository scanning in 16ms. Found 0 repository interfaces.
2020-04-13 11:26:43.969  INFO 20712 --- [main] trationDelegate$BeanPostProcessorChecker : Bean 'org.springframework.transaction.annotation.ProxyTransactionManagementConfiguration' of type [org.springframework.transaction.annotation.ProxyTransactionManagementConfiguration$$EnhancerBySpringCGLIB$$68d0a9c0] is not eligible for getting processed by all BeanPostProcessors (for example: not eligible for auto-proxying)
2020-04-13 11:26:44.144  INFO 20712 --- [main] o.s.b.w.embedded.tomcat.TomcatWebServer  : Tomcat initialized with port(s): 8082 (http)
2020-04-13 11:26:44.159  INFO 20712 --- [main] o.apache.catalina.core.StandardService   : Starting service [Tomcat]
2020-04-13 11:26:44.159  INFO 20712 --- [main] org.apache.catalina.core.StandardEngine  : Starting Servlet engine: [Apache Tomcat/9.0.26]
2020-04-13 11:26:44.241  INFO 20712 --- [main] o.a.c.c.C.[Tomcat].[localhost].[/]       : Initializing Spring embedded WebApplicationContext
2020-04-13 11:26:44.242  INFO 20712 --- [main] o.s.web.context.ContextLoader            : Root WebApplicationContext: initialization completed in 907 ms
2020-04-13 11:26:44.537  INFO 20712 --- [main] o.s.s.concurrent.ThreadPoolTaskExecutor  : Initializing ExecutorService 'applicationTaskExecutor'
2020-04-13 11:26:44.747  INFO 20712 --- [main] o.s.b.w.embedded.tomcat.TomcatWebServer  : Tomcat started on port(s): 8082 (http) with context path ''
2020-04-13 11:26:44.750  INFO 20712 --- [main] com.shops.shop.ShopApplication           : Started ShopApplication in 1.691 seconds (JVM running for 2.298)
2020-04-13 11:26:44.752  INFO 20712 --- [main] com.shops.shop.ShopApplication           : ●=>商店App后台服务启动...●
2020-04-13 11:26:47.805  INFO 20712 --- [http-nio-8082-exec-1] o.a.c.c.C.[Tomcat].[localhost].[/]       : Initializing Spring DispatcherServlet 'dispatcherServlet'
2020-04-13 11:26:47.806  INFO 20712 --- [http-nio-8082-exec-1] o.s.web.servlet.DispatcherServlet        : Initializing Servlet 'dispatcherServlet'
2020-04-13 11:26:47.810  INFO 20712 --- [http-nio-8082-exec-1] o.s.web.servlet.DispatcherServlet        : Completed initialization in 4 ms
2020-04-13 11:26:47.841  INFO 20712 --- [http-nio-8082-exec-1] com.zaxxer.hikari.HikariDataSource       : HikariPool-1 - Starting...
2020-04-13 11:26:48.352  INFO 20712 --- [http-nio-8082-exec-1] com.zaxxer.hikari.HikariDataSource       : HikariPool-1 - Start completed.
2020-04-13 11:26:48.747  INFO 20712 --- [http-nio-8082-exec-1] c.shops.shop.Controller.CartController   : 获取成功.
2020-04-13 11:35:13.661  INFO 17828 --- [main] com.shops.shop.ShopApplication           : Starting ShopApplication on TR-PC with PID 17828 (started by Jiangming in E:\兼职\book\book)
2020-04-13 11:35:13.663  INFO 17828 --- [main] com.shops.shop.ShopApplication           : No active profile set, falling back to default profiles: default
2020-04-13 11:35:14.109  INFO 17828 --- [main] .s.d.r.c.RepositoryConfigurationDelegate : Bootstrapping Spring Data repositories in DEFAULT mode.
2020-04-13 11:35:14.125  INFO 17828 --- [main] .s.d.r.c.RepositoryConfigurationDelegate : Finished Spring Data repository scanning in 14ms. Found 0 repository interfaces.
2020-04-13 11:35:14.292  INFO 17828 --- [main] trationDelegate$BeanPostProcessorChecker : Bean 'org.springframework.transaction.annotation.ProxyTransactionManagementConfiguration' of type [org.springframework.transaction.annotation.ProxyTransactionManagementConfiguration$$EnhancerBySpringCGLIB$$a47bf716] is not eligible for getting processed by all BeanPostProcessors (for example: not eligible for auto-proxying)
2020-04-13 11:35:14.464  INFO 17828 --- [main] o.s.b.w.embedded.tomcat.TomcatWebServer  : Tomcat initialized with port(s): 8082 (http)
2020-04-13 11:35:14.478  INFO 17828 --- [main] o.apache.catalina.core.StandardService   : Starting service [Tomcat]
2020-04-13 11:35:14.478  INFO 17828 --- [main] org.apache.catalina.core.StandardEngine  : Starting Servlet engine: [Apache Tomcat/9.0.26]
2020-04-13 11:35:14.562  INFO 17828 --- [main] o.a.c.c.C.[Tomcat].[localhost].[/]       : Initializing Spring embedded WebApplicationContext
2020-04-13 11:35:14.562  INFO 17828 --- [main] o.s.web.context.ContextLoader            : Root WebApplicationContext: initialization completed in 872 ms
2020-04-13 11:35:14.849  INFO 17828 --- [main] o.s.s.concurrent.ThreadPoolTaskExecutor  : Initializing ExecutorService 'applicationTaskExecutor'
2020-04-13 11:35:15.052  INFO 17828 --- [main] o.s.b.w.embedded.tomcat.TomcatWebServer  : Tomcat started on port(s): 8082 (http) with context path ''
2020-04-13 11:35:15.054  INFO 17828 --- [main] com.shops.shop.ShopApplication           : Started ShopApplication in 1.622 seconds (JVM running for 2.201)
2020-04-13 11:35:15.056  INFO 17828 --- [main] com.shops.shop.ShopApplication           : ●=>商店App后台服务启动...●
2020-04-13 11:35:29.216  INFO 17828 --- [http-nio-8082-exec-3] o.a.c.c.C.[Tomcat].[localhost].[/]       : Initializing Spring DispatcherServlet 'dispatcherServlet'
2020-04-13 11:35:29.217  INFO 17828 --- [http-nio-8082-exec-3] o.s.web.servlet.DispatcherServlet        : Initializing Servlet 'dispatcherServlet'
2020-04-13 11:35:29.222  INFO 17828 --- [http-nio-8082-exec-3] o.s.web.servlet.DispatcherServlet        : Completed initialization in 5 ms
2020-04-13 11:35:29.252  INFO 17828 --- [http-nio-8082-exec-3] com.zaxxer.hikari.HikariDataSource       : HikariPool-1 - Starting...
2020-04-13 11:35:29.676  INFO 17828 --- [http-nio-8082-exec-3] com.zaxxer.hikari.HikariDataSource       : HikariPool-1 - Start completed.
2020-04-13 11:35:30.054  INFO 17828 --- [http-nio-8082-exec-3] c.shops.shop.Controller.CartController   : 获取成功.
2020-04-13 12:27:43.540  INFO 21052 --- [main] com.shops.shop.ShopApplication           : Starting ShopApplication on TR-PC with PID 21052 (started by Jiangming in E:\兼职\book\book)
2020-04-13 12:27:43.542  INFO 21052 --- [main] com.shops.shop.ShopApplication           : No active profile set, falling back to default profiles: default
2020-04-13 12:27:44.006  INFO 21052 --- [main] .s.d.r.c.RepositoryConfigurationDelegate : Bootstrapping Spring Data repositories in DEFAULT mode.
2020-04-13 12:27:44.025  INFO 21052 --- [main] .s.d.r.c.RepositoryConfigurationDelegate : Finished Spring Data repository scanning in 15ms. Found 0 repository interfaces.
2020-04-13 12:27:44.212  INFO 21052 --- [main] trationDelegate$BeanPostProcessorChecker : Bean 'org.springframework.transaction.annotation.ProxyTransactionManagementConfiguration' of type [org.springframework.transaction.annotation.ProxyTransactionManagementConfiguration$$EnhancerBySpringCGLIB$$67c193de] is not eligible for getting processed by all BeanPostProcessors (for example: not eligible for auto-proxying)
2020-04-13 12:27:44.391  INFO 21052 --- [main] o.s.b.w.embedded.tomcat.TomcatWebServer  : Tomcat initialized with port(s): 8082 (http)
2020-04-13 12:27:44.406  INFO 21052 --- [main] o.apache.catalina.core.StandardService   : Starting service [Tomcat]
2020-04-13 12:27:44.406  INFO 21052 --- [main] org.apache.catalina.core.StandardEngine  : Starting Servlet engine: [Apache Tomcat/9.0.26]
2020-04-13 12:27:44.494  INFO 21052 --- [main] o.a.c.c.C.[Tomcat].[localhost].[/]       : Initializing Spring embedded WebApplicationContext
2020-04-13 12:27:44.494  INFO 21052 --- [main] o.s.web.context.ContextLoader            : Root WebApplicationContext: initialization completed in 924 ms
2020-04-13 12:27:44.795  INFO 21052 --- [main] o.s.s.concurrent.ThreadPoolTaskExecutor  : Initializing ExecutorService 'applicationTaskExecutor'
2020-04-13 12:27:45.013  INFO 21052 --- [main] o.s.b.w.embedded.tomcat.TomcatWebServer  : Tomcat started on port(s): 8082 (http) with context path ''
2020-04-13 12:27:45.015  INFO 21052 --- [main] com.shops.shop.ShopApplication           : Started ShopApplication in 1.706 seconds (JVM running for 2.309)
2020-04-13 12:27:45.016  INFO 21052 --- [main] com.shops.shop.ShopApplication           : ●=>商店App后台服务启动...●
2020-04-13 12:28:07.496  INFO 21052 --- [http-nio-8082-exec-4] o.a.c.c.C.[Tomcat].[localhost].[/]       : Initializing Spring DispatcherServlet 'dispatcherServlet'
2020-04-13 12:28:07.496  INFO 21052 --- [http-nio-8082-exec-4] o.s.web.servlet.DispatcherServlet        : Initializing Servlet 'dispatcherServlet'
2020-04-13 12:28:07.501  INFO 21052 --- [http-nio-8082-exec-4] o.s.web.servlet.DispatcherServlet        : Completed initialization in 4 ms
2020-04-13 12:28:07.530  INFO 21052 --- [http-nio-8082-exec-4] com.zaxxer.hikari.HikariDataSource       : HikariPool-1 - Starting...
2020-04-13 12:28:07.960  INFO 21052 --- [http-nio-8082-exec-4] com.zaxxer.hikari.HikariDataSource       : HikariPool-1 - Start completed.
2020-04-13 12:28:08.048  INFO 21052 --- [http-nio-8082-exec-4] c.s.s.C.ReceivingAddressController       : 设置成功.
2020-04-13 16:52:47.030  INFO 20672 --- [main] com.shops.shop.ShopApplication           : Starting ShopApplication on TR-PC with PID 20672 (started by Jiangming in E:\兼职\book\book)
2020-04-13 16:52:47.032  INFO 20672 --- [main] com.shops.shop.ShopApplication           : No active profile set, falling back to default profiles: default
2020-04-13 16:52:47.480  INFO 20672 --- [main] .s.d.r.c.RepositoryConfigurationDelegate : Bootstrapping Spring Data repositories in DEFAULT mode.
2020-04-13 16:52:47.496  INFO 20672 --- [main] .s.d.r.c.RepositoryConfigurationDelegate : Finished Spring Data repository scanning in 13ms. Found 0 repository interfaces.
2020-04-13 16:52:47.662  INFO 20672 --- [main] trationDelegate$BeanPostProcessorChecker : Bean 'org.springframework.transaction.annotation.ProxyTransactionManagementConfiguration' of type [org.springframework.transaction.annotation.ProxyTransactionManagementConfiguration$$EnhancerBySpringCGLIB$$96e2300d] is not eligible for getting processed by all BeanPostProcessors (for example: not eligible for auto-proxying)
2020-04-13 16:52:47.830  INFO 20672 --- [main] o.s.b.w.embedded.tomcat.TomcatWebServer  : Tomcat initialized with port(s): 8082 (http)
2020-04-13 16:52:47.843  INFO 20672 --- [main] o.apache.catalina.core.StandardService   : Starting service [Tomcat]
2020-04-13 16:52:47.843  INFO 20672 --- [main] org.apache.catalina.core.StandardEngine  : Starting Servlet engine: [Apache Tomcat/9.0.26]
2020-04-13 16:52:47.925  INFO 20672 --- [main] o.a.c.c.C.[Tomcat].[localhost].[/]       : Initializing Spring embedded WebApplicationContext
2020-04-13 16:52:47.925  INFO 20672 --- [main] o.s.web.context.ContextLoader            : Root WebApplicationContext: initialization completed in 863 ms
2020-04-13 16:52:48.197  INFO 20672 --- [main] o.s.s.concurrent.ThreadPoolTaskExecutor  : Initializing ExecutorService 'applicationTaskExecutor'
2020-04-13 16:52:48.398  INFO 20672 --- [main] o.s.b.w.embedded.tomcat.TomcatWebServer  : Tomcat started on port(s): 8082 (http) with context path ''
2020-04-13 16:52:48.399  INFO 20672 --- [main] com.shops.shop.ShopApplication           : Started ShopApplication in 1.593 seconds (JVM running for 2.185)
2020-04-13 16:52:48.401  INFO 20672 --- [main] com.shops.shop.ShopApplication           : ●=>商店App后台服务启动...●
2020-04-13 17:54:19.640  INFO 19128 --- [main] com.shops.shop.ShopApplication           : Starting ShopApplication on TR-PC with PID 19128 (started by Jiangming in E:\兼职\book\book)
2020-04-13 17:54:19.643  INFO 19128 --- [main] com.shops.shop.ShopApplication           : No active profile set, falling back to default profiles: default
2020-04-13 17:54:20.186  INFO 19128 --- [main] .s.d.r.c.RepositoryConfigurationDelegate : Bootstrapping Spring Data repositories in DEFAULT mode.
2020-04-13 17:54:20.206  INFO 19128 --- [main] .s.d.r.c.RepositoryConfigurationDelegate : Finished Spring Data repository scanning in 17ms. Found 0 repository interfaces.
2020-04-13 17:54:20.402  INFO 19128 --- [main] trationDelegate$BeanPostProcessorChecker : Bean 'org.springframework.transaction.annotation.ProxyTransactionManagementConfiguration' of type [org.springframework.transaction.annotation.ProxyTransactionManagementConfiguration$$EnhancerBySpringCGLIB$$d64197d4] is not eligible for getting processed by all BeanPostProcessors (for example: not eligible for auto-proxying)
2020-04-13 17:54:20.579  INFO 19128 --- [main] o.s.b.w.embedded.tomcat.TomcatWebServer  : Tomcat initialized with port(s): 8082 (http)
2020-04-13 17:54:20.594  INFO 19128 --- [main] o.apache.catalina.core.StandardService   : Starting service [Tomcat]
2020-04-13 17:54:20.594  INFO 19128 --- [main] org.apache.catalina.core.StandardEngine  : Starting Servlet engine: [Apache Tomcat/9.0.26]
2020-04-13 17:54:20.685  INFO 19128 --- [main] o.a.c.c.C.[Tomcat].[localhost].[/]       : Initializing Spring embedded WebApplicationContext
2020-04-13 17:54:20.685  INFO 19128 --- [main] o.s.web.context.ContextLoader            : Root WebApplicationContext: initialization completed in 1015 ms
2020-04-13 17:54:21.000  INFO 19128 --- [main] o.s.s.concurrent.ThreadPoolTaskExecutor  : Initializing ExecutorService 'applicationTaskExecutor'
2020-04-13 17:54:21.235  INFO 19128 --- [main] o.s.b.w.embedded.tomcat.TomcatWebServer  : Tomcat started on port(s): 8082 (http) with context path ''
2020-04-13 17:54:21.237  INFO 19128 --- [main] com.shops.shop.ShopApplication           : Started ShopApplication in 1.858 seconds (JVM running for 2.587)
2020-04-13 17:54:21.238  INFO 19128 --- [main] com.shops.shop.ShopApplication           : ●=>商店App后台服务启动...●
2020-04-13 17:54:38.416  INFO 19128 --- [http-nio-8082-exec-3] o.a.c.c.C.[Tomcat].[localhost].[/]       : Initializing Spring DispatcherServlet 'dispatcherServlet'
2020-04-13 17:54:38.416  INFO 19128 --- [http-nio-8082-exec-3] o.s.web.servlet.DispatcherServlet        : Initializing Servlet 'dispatcherServlet'
2020-04-13 17:54:38.421  INFO 19128 --- [http-nio-8082-exec-3] o.s.web.servlet.DispatcherServlet        : Completed initialization in 5 ms
2020-04-13 17:54:38.451  INFO 19128 --- [http-nio-8082-exec-3] com.zaxxer.hikari.HikariDataSource       : HikariPool-1 - Starting...
2020-04-13 17:54:38.886  INFO 19128 --- [http-nio-8082-exec-3] com.zaxxer.hikari.HikariDataSource       : HikariPool-1 - Start completed.
2020-04-13 17:54:39.094  INFO 19128 --- [http-nio-8082-exec-3] c.s.s.Controller.StatisticsController    : 获取成功.
2020-04-13 20:37:25.661  INFO 21800 --- [main] com.shops.shop.ShopApplication           : Starting ShopApplication on TR-PC with PID 21800 (started by Jiangming in E:\兼职\book\book)
2020-04-13 20:37:25.663  INFO 21800 --- [main] com.shops.shop.ShopApplication           : No active profile set, falling back to default profiles: default
2020-04-13 20:37:26.323  INFO 21800 --- [main] .s.d.r.c.RepositoryConfigurationDelegate : Bootstrapping Spring Data repositories in DEFAULT mode.
2020-04-13 20:37:26.343  INFO 21800 --- [main] .s.d.r.c.RepositoryConfigurationDelegate : Finished Spring Data repository scanning in 18ms. Found 0 repository interfaces.
2020-04-13 20:37:26.507  INFO 21800 --- [main] trationDelegate$BeanPostProcessorChecker : Bean 'org.springframework.transaction.annotation.ProxyTransactionManagementConfiguration' of type [org.springframework.transaction.annotation.ProxyTransactionManagementConfiguration$$EnhancerBySpringCGLIB$$bcfc6bcb] is not eligible for getting processed by all BeanPostProcessors (for example: not eligible for auto-proxying)
2020-04-13 20:37:26.677  INFO 21800 --- [main] o.s.b.w.embedded.tomcat.TomcatWebServer  : Tomcat initialized with port(s): 8082 (http)
2020-04-13 20:37:26.692  INFO 21800 --- [main] o.apache.catalina.core.StandardService   : Starting service [Tomcat]
2020-04-13 20:37:26.692  INFO 21800 --- [main] org.apache.catalina.core.StandardEngine  : Starting Servlet engine: [Apache Tomcat/9.0.26]
2020-04-13 20:37:26.776  INFO 21800 --- [main] o.a.c.c.C.[Tomcat].[localhost].[/]       : Initializing Spring embedded WebApplicationContext
2020-04-13 20:37:26.776  INFO 21800 --- [main] o.s.web.context.ContextLoader            : Root WebApplicationContext: initialization completed in 1088 ms
2020-04-13 20:37:27.063  INFO 21800 --- [main] o.s.s.concurrent.ThreadPoolTaskExecutor  : Initializing ExecutorService 'applicationTaskExecutor'
2020-04-13 20:37:27.303  INFO 21800 --- [main] o.s.b.w.embedded.tomcat.TomcatWebServer  : Tomcat started on port(s): 8082 (http) with context path ''
2020-04-13 20:37:27.305  INFO 21800 --- [main] com.shops.shop.ShopApplication           : Started ShopApplication in 1.873 seconds (JVM running for 2.458)
2020-04-13 20:37:27.307  INFO 21800 --- [main] com.shops.shop.ShopApplication           : ●=>商店App后台服务启动...●
2020-04-13 20:37:41.752  INFO 21800 --- [http-nio-8082-exec-1] o.a.c.c.C.[Tomcat].[localhost].[/]       : Initializing Spring DispatcherServlet 'dispatcherServlet'
2020-04-13 20:37:41.752  INFO 21800 --- [http-nio-8082-exec-1] o.s.web.servlet.DispatcherServlet        : Initializing Servlet 'dispatcherServlet'
2020-04-13 20:37:41.757  INFO 21800 --- [http-nio-8082-exec-1] o.s.web.servlet.DispatcherServlet        : Completed initialization in 5 ms
2020-04-13 20:37:41.790  INFO 21800 --- [http-nio-8082-exec-1] com.zaxxer.hikari.HikariDataSource       : HikariPool-1 - Starting...
2020-04-13 20:37:42.283  INFO 21800 --- [http-nio-8082-exec-1] com.zaxxer.hikari.HikariDataSource       : HikariPool-1 - Start completed.
2020-04-13 20:37:42.500  INFO 21800 --- [http-nio-8082-exec-1] c.s.s.Controller.StatisticsController    : 获取成功.
2020-04-13 20:38:52.137  INFO 21800 --- [http-nio-8082-exec-5] c.s.s.Controller.StatisticsController    : 获取成功.
2020-04-13 20:39:37.111  INFO 21800 --- [http-nio-8082-exec-6] c.s.s.Controller.StatisticsController    : 获取成功.
2020-04-13 21:06:20.669  INFO 12564 --- [main] com.shops.shop.ShopApplication           : Starting ShopApplication on TR-PC with PID 12564 (started by Jiangming in E:\兼职\book\book)
2020-04-13 21:06:20.671  INFO 12564 --- [main] com.shops.shop.ShopApplication           : No active profile set, falling back to default profiles: default
2020-04-13 21:06:21.128  INFO 12564 --- [main] .s.d.r.c.RepositoryConfigurationDelegate : Bootstrapping Spring Data repositories in DEFAULT mode.
2020-04-13 21:06:21.144  INFO 12564 --- [main] .s.d.r.c.RepositoryConfigurationDelegate : Finished Spring Data repository scanning in 13ms. Found 0 repository interfaces.
2020-04-13 21:06:21.321  INFO 12564 --- [main] trationDelegate$BeanPostProcessorChecker : Bean 'org.springframework.transaction.annotation.ProxyTransactionManagementConfiguration' of type [org.springframework.transaction.annotation.ProxyTransactionManagementConfiguration$$EnhancerBySpringCGLIB$$9c6d83aa] is not eligible for getting processed by all BeanPostProcessors (for example: not eligible for auto-proxying)
2020-04-13 21:06:21.495  INFO 12564 --- [main] o.s.b.w.embedded.tomcat.TomcatWebServer  : Tomcat initialized with port(s): 8082 (http)
2020-04-13 21:06:21.509  INFO 12564 --- [main] o.apache.catalina.core.StandardService   : Starting service [Tomcat]
2020-04-13 21:06:21.509  INFO 12564 --- [main] org.apache.catalina.core.StandardEngine  : Starting Servlet engine: [Apache Tomcat/9.0.26]
2020-04-13 21:06:21.594  INFO 12564 --- [main] o.a.c.c.C.[Tomcat].[localhost].[/]       : Initializing Spring embedded WebApplicationContext
2020-04-13 21:06:21.595  INFO 12564 --- [main] o.s.web.context.ContextLoader            : Root WebApplicationContext: initialization completed in 896 ms
2020-04-13 21:06:21.884  INFO 12564 --- [main] o.s.s.concurrent.ThreadPoolTaskExecutor  : Initializing ExecutorService 'applicationTaskExecutor'
2020-04-13 21:06:22.098  INFO 12564 --- [main] o.s.b.w.embedded.tomcat.TomcatWebServer  : Tomcat started on port(s): 8082 (http) with context path ''
2020-04-13 21:06:22.100  INFO 12564 --- [main] com.shops.shop.ShopApplication           : Started ShopApplication in 1.673 seconds (JVM running for 2.263)
2020-04-13 21:06:22.101  INFO 12564 --- [main] com.shops.shop.ShopApplication           : ●=>商店App后台服务启动...●
2020-04-13 21:07:26.465  INFO 12564 --- [http-nio-8082-exec-2] o.a.c.c.C.[Tomcat].[localhost].[/]       : Initializing Spring DispatcherServlet 'dispatcherServlet'
2020-04-13 21:07:26.466  INFO 12564 --- [http-nio-8082-exec-2] o.s.web.servlet.DispatcherServlet        : Initializing Servlet 'dispatcherServlet'
2020-04-13 21:07:26.471  INFO 12564 --- [http-nio-8082-exec-2] o.s.web.servlet.DispatcherServlet        : Completed initialization in 5 ms
2020-04-13 21:07:26.507 ERROR 12564 --- [http-nio-8082-exec-2] o.a.c.c.C.[.[.[/].[dispatcherServlet]    : Servlet.service() for servlet [dispatcherServlet] in context with path [] threw exception [Request processing failed; nested exception is java.lang.IllegalStateException: Optional int parameter 'id' is present but cannot be translated into a null value due to being declared as a primitive type. Consider declaring it as object wrapper for the corresponding primitive type.] with root cause

java.lang.IllegalStateException: Optional int parameter 'id' is present but cannot be translated into a null value due to being declared as a primitive type. Consider declaring it as object wrapper for the corresponding primitive type.
	at org.springframework.web.method.annotation.AbstractNamedValueMethodArgumentResolver.handleNullValue(AbstractNamedValueMethodArgumentResolver.java:246) ~[spring-web-5.1.10.RELEASE.jar:5.1.10.RELEASE]
	at org.springframework.web.method.annotation.AbstractNamedValueMethodArgumentResolver.resolveArgument(AbstractNamedValueMethodArgumentResolver.java:116) ~[spring-web-5.1.10.RELEASE.jar:5.1.10.RELEASE]
	at org.springframework.web.method.support.HandlerMethodArgumentResolverComposite.resolveArgument(HandlerMethodArgumentResolverComposite.java:127) ~[spring-web-5.1.10.RELEASE.jar:5.1.10.RELEASE]
	at org.springframework.web.method.support.InvocableHandlerMethod.getMethodArgumentValues(InvocableHandlerMethod.java:167) ~[spring-web-5.1.10.RELEASE.jar:5.1.10.RELEASE]
	at org.springframework.web.method.support.InvocableHandlerMethod.invokeForRequest(InvocableHandlerMethod.java:134) ~[spring-web-5.1.10.RELEASE.jar:5.1.10.RELEASE]
	at org.springframework.web.servlet.mvc.method.annotation.ServletInvocableHandlerMethod.invokeAndHandle(ServletInvocableHandlerMethod.java:105) ~[spring-webmvc-5.1.10.RELEASE.jar:5.1.10.RELEASE]
	at org.springframework.web.servlet.mvc.method.annotation.RequestMappingHandlerAdapter.invokeHandlerMethod(RequestMappingHandlerAdapter.java:893) ~[spring-webmvc-5.1.10.RELEASE.jar:5.1.10.RELEASE]
	at org.springframework.web.servlet.mvc.method.annotation.RequestMappingHandlerAdapter.handleInternal(RequestMappingHandlerAdapter.java:798) ~[spring-webmvc-5.1.10.RELEASE.jar:5.1.10.RELEASE]
	at org.springframework.web.servlet.mvc.method.AbstractHandlerMethodAdapter.handle(AbstractHandlerMethodAdapter.java:87) ~[spring-webmvc-5.1.10.RELEASE.jar:5.1.10.RELEASE]
	at org.springframework.web.servlet.DispatcherServlet.doDispatch(DispatcherServlet.java:1040) ~[spring-webmvc-5.1.10.RELEASE.jar:5.1.10.RELEASE]
	at org.springframework.web.servlet.DispatcherServlet.doService(DispatcherServlet.java:943) ~[spring-webmvc-5.1.10.RELEASE.jar:5.1.10.RELEASE]
	at org.springframework.web.servlet.FrameworkServlet.processRequest(FrameworkServlet.java:1006) ~[spring-webmvc-5.1.10.RELEASE.jar:5.1.10.RELEASE]
	at org.springframework.web.servlet.FrameworkServlet.doPost(FrameworkServlet.java:909) ~[spring-webmvc-5.1.10.RELEASE.jar:5.1.10.RELEASE]
	at javax.servlet.http.HttpServlet.service(HttpServlet.java:660) ~[tomcat-embed-core-9.0.26.jar:9.0.26]
	at org.springframework.web.servlet.FrameworkServlet.service(FrameworkServlet.java:883) ~[spring-webmvc-5.1.10.RELEASE.jar:5.1.10.RELEASE]
	at javax.servlet.http.HttpServlet.service(HttpServlet.java:741) ~[tomcat-embed-core-9.0.26.jar:9.0.26]
	at org.apache.catalina.core.ApplicationFilterChain.internalDoFilter(ApplicationFilterChain.java:231) ~[tomcat-embed-core-9.0.26.jar:9.0.26]
	at org.apache.catalina.core.ApplicationFilterChain.doFilter(ApplicationFilterChain.java:166) ~[tomcat-embed-core-9.0.26.jar:9.0.26]
	at org.apache.tomcat.websocket.server.WsFilter.doFilter(WsFilter.java:53) ~[tomcat-embed-websocket-9.0.26.jar:9.0.26]
	at org.apache.catalina.core.ApplicationFilterChain.internalDoFilter(ApplicationFilterChain.java:193) ~[tomcat-embed-core-9.0.26.jar:9.0.26]
	at org.apache.catalina.core.ApplicationFilterChain.doFilter(ApplicationFilterChain.java:166) ~[tomcat-embed-core-9.0.26.jar:9.0.26]
	at org.springframework.web.filter.RequestContextFilter.doFilterInternal(RequestContextFilter.java:100) ~[spring-web-5.1.10.RELEASE.jar:5.1.10.RELEASE]
	at org.springframework.web.filter.OncePerRequestFilter.doFilter(OncePerRequestFilter.java:119) ~[spring-web-5.1.10.RELEASE.jar:5.1.10.RELEASE]
	at org.apache.catalina.core.ApplicationFilterChain.internalDoFilter(ApplicationFilterChain.java:193) ~[tomcat-embed-core-9.0.26.jar:9.0.26]
	at org.apache.catalina.core.ApplicationFilterChain.doFilter(ApplicationFilterChain.java:166) ~[tomcat-embed-core-9.0.26.jar:9.0.26]
	at org.springframework.web.filter.FormContentFilter.doFilterInternal(FormContentFilter.java:93) ~[spring-web-5.1.10.RELEASE.jar:5.1.10.RELEASE]
	at org.springframework.web.filter.OncePerRequestFilter.doFilter(OncePerRequestFilter.java:119) ~[spring-web-5.1.10.RELEASE.jar:5.1.10.RELEASE]
	at org.apache.catalina.core.ApplicationFilterChain.internalDoFilter(ApplicationFilterChain.java:193) ~[tomcat-embed-core-9.0.26.jar:9.0.26]
	at org.apache.catalina.core.ApplicationFilterChain.doFilter(ApplicationFilterChain.java:166) ~[tomcat-embed-core-9.0.26.jar:9.0.26]
	at org.springframework.web.filter.HiddenHttpMethodFilter.doFilterInternal(HiddenHttpMethodFilter.java:94) ~[spring-web-5.1.10.RELEASE.jar:5.1.10.RELEASE]
	at org.springframework.web.filter.OncePerRequestFilter.doFilter(OncePerRequestFilter.java:119) ~[spring-web-5.1.10.RELEASE.jar:5.1.10.RELEASE]
	at org.apache.catalina.core.ApplicationFilterChain.internalDoFilter(ApplicationFilterChain.java:193) ~[tomcat-embed-core-9.0.26.jar:9.0.26]
	at org.apache.catalina.core.ApplicationFilterChain.doFilter(ApplicationFilterChain.java:166) ~[tomcat-embed-core-9.0.26.jar:9.0.26]
	at org.springframework.web.filter.CharacterEncodingFilter.doFilterInternal(CharacterEncodingFilter.java:201) ~[spring-web-5.1.10.RELEASE.jar:5.1.10.RELEASE]
	at org.springframework.web.filter.OncePerRequestFilter.doFilter(OncePerRequestFilter.java:119) ~[spring-web-5.1.10.RELEASE.jar:5.1.10.RELEASE]
	at org.apache.catalina.core.ApplicationFilterChain.internalDoFilter(ApplicationFilterChain.java:193) ~[tomcat-embed-core-9.0.26.jar:9.0.26]
	at org.apache.catalina.core.ApplicationFilterChain.doFilter(ApplicationFilterChain.java:166) ~[tomcat-embed-core-9.0.26.jar:9.0.26]
	at org.apache.catalina.core.StandardWrapperValve.invoke(StandardWrapperValve.java:202) ~[tomcat-embed-core-9.0.26.jar:9.0.26]
	at org.apache.catalina.core.StandardContextValve.invoke(StandardContextValve.java:96) [tomcat-embed-core-9.0.26.jar:9.0.26]
	at org.apache.catalina.authenticator.AuthenticatorBase.invoke(AuthenticatorBase.java:526) [tomcat-embed-core-9.0.26.jar:9.0.26]
	at org.apache.catalina.core.StandardHostValve.invoke(StandardHostValve.java:139) [tomcat-embed-core-9.0.26.jar:9.0.26]
	at org.apache.catalina.valves.ErrorReportValve.invoke(ErrorReportValve.java:92) [tomcat-embed-core-9.0.26.jar:9.0.26]
	at org.apache.catalina.core.StandardEngineValve.invoke(StandardEngineValve.java:74) [tomcat-embed-core-9.0.26.jar:9.0.26]
	at org.apache.catalina.connector.CoyoteAdapter.service(CoyoteAdapter.java:343) [tomcat-embed-core-9.0.26.jar:9.0.26]
	at org.apache.coyote.http11.Http11Processor.service(Http11Processor.java:408) [tomcat-embed-core-9.0.26.jar:9.0.26]
	at org.apache.coyote.AbstractProcessorLight.process(AbstractProcessorLight.java:66) [tomcat-embed-core-9.0.26.jar:9.0.26]
	at org.apache.coyote.AbstractProtocol$ConnectionHandler.process(AbstractProtocol.java:860) [tomcat-embed-core-9.0.26.jar:9.0.26]
	at org.apache.tomcat.util.net.NioEndpoint$SocketProcessor.doRun(NioEndpoint.java:1589) [tomcat-embed-core-9.0.26.jar:9.0.26]
	at org.apache.tomcat.util.net.SocketProcessorBase.run(SocketProcessorBase.java:49) [tomcat-embed-core-9.0.26.jar:9.0.26]
	at java.util.concurrent.ThreadPoolExecutor.runWorker(ThreadPoolExecutor.java:1149) [na:1.8.0_231]
	at java.util.concurrent.ThreadPoolExecutor$Worker.run(ThreadPoolExecutor.java:624) [na:1.8.0_231]
	at org.apache.tomcat.util.threads.TaskThread$WrappingRunnable.run(TaskThread.java:61) [tomcat-embed-core-9.0.26.jar:9.0.26]
	at java.lang.Thread.run(Thread.java:748) [na:1.8.0_231]

2020-04-13 21:07:38.811  INFO 12564 --- [http-nio-8082-exec-9] com.zaxxer.hikari.HikariDataSource       : HikariPool-1 - Starting...
2020-04-13 21:07:39.378  INFO 12564 --- [http-nio-8082-exec-9] com.zaxxer.hikari.HikariDataSource       : HikariPool-1 - Start completed.
2020-04-13 21:07:39.468  INFO 12564 --- [http-nio-8082-exec-9] c.shops.shop.Controller.BookController   : 获取成功.
